<?xml version="1.0" encoding="UTF-8"?>
<!-- Generated by org.testng.reporters.JUnitReportReporter -->
<testsuite hostname="ip-172-31-1-119" failures="0" tests="1" name="Test.addtocartTest" time="10.837" errors="0" timestamp="2023-11-10T11:18:57 UTC" skipped="0">
  <testcase classname="Test.addtocartTest" name="testUserSearch" time="10.837"/>
  <system-out/>
</testsuite> <!-- Test.addtocartTest -->
