<?xml version="1.0" encoding="UTF-8"?>
<!-- Generated by org.testng.reporters.JUnitReportReporter -->
<testsuite hostname="ip-172-31-1-119" failures="0" tests="1" name="DefectTests.ResetPasswordTest" time="7.444" errors="0" timestamp="2023-11-10T10:01:31 UTC" skipped="0">
  <testcase classname="DefectTests.ResetPasswordTest" name="f" time="7.444"/>
  <system-out/>
</testsuite> <!-- DefectTests.ResetPasswordTest -->
