<?xml version="1.0" encoding="UTF-8"?>
<!-- Generated by org.testng.reporters.JUnitReportReporter -->
<testsuite hostname="ip-172-31-1-119" failures="0" tests="1" name="Test.MyAccountTest" time="9.092" errors="0" timestamp="2023-11-10T09:06:18 UTC" skipped="0">
  <testcase classname="Test.MyAccountTest" name="f" time="9.092"/>
  <system-out/>
</testsuite> <!-- Test.MyAccountTest -->
