<?xml version="1.0" encoding="UTF-8"?>
<!-- Generated by org.testng.reporters.JUnitReportReporter -->
<testsuite hostname="ip-172-31-1-119" failures="0" tests="1" name="Test.BasicSingInSignoutTest" time="7.848" errors="0" timestamp="2023-11-10T10:54:10 UTC" skipped="0">
  <testcase classname="Test.BasicSingInSignoutTest" name="f" time="7.848"/>
  <system-out/>
</testsuite> <!-- Test.BasicSingInSignoutTest -->
