<?xml version="1.0" encoding="UTF-8"?>
<!-- Generated by org.testng.reporters.JUnitReportReporter -->
<testsuite hostname="ip-172-31-1-119" failures="0" tests="1" name="DefectTests.CheckAccountUpdationTest" time="9.670" errors="0" timestamp="2023-11-10T09:59:46 UTC" skipped="0">
  <testcase classname="DefectTests.CheckAccountUpdationTest" name="f" time="9.670"/>
  <system-out/>
</testsuite> <!-- DefectTests.CheckAccountUpdationTest -->
