<?xml version="1.0" encoding="UTF-8"?>
<!-- Generated by org.testng.reporters.JUnitReportReporter -->
<testsuite hostname="ip-172-31-1-119" failures="0" tests="1" name="Test.TransactionTest" time="8.155" errors="0" timestamp="2023-11-10T09:15:09 UTC" skipped="0">
  <testcase classname="Test.TransactionTest" name="testUserSearch" time="8.155"/>
  <system-out/>
</testsuite> <!-- Test.TransactionTest -->
